<?xml version="1.0" encoding="UTF-8"?>
<testng-results ignored="0" total="1" passed="1" failed="0" skipped="0">
  <reporter-output>
  </reporter-output>
  <suite started-at="2022-09-18T09:38:29 NPT" name="Default suite" finished-at="2022-09-18T09:38:41 NPT" duration-ms="11207">
    <groups>
    </groups>
    <test started-at="2022-09-18T09:38:29 NPT" name="Default test" finished-at="2022-09-18T09:38:41 NPT" duration-ms="11207">
      <class name="tests.LoginPageTest">
        <test-method signature="verifyUserIsAbleToLogin()[pri:0, instance:tests.LoginPageTest@3bb9a3ff]" started-at="2022-09-18T09:38:29 NPT" name="verifyUserIsAbleToLogin" finished-at="2022-09-18T09:38:41 NPT" duration-ms="11165" status="PASS">
          <reporter-output>
          </reporter-output>
        </test-method> <!-- verifyUserIsAbleToLogin -->
      </class> <!-- tests.LoginPageTest -->
    </test> <!-- Default test -->
  </suite> <!-- Default suite -->
</testng-results>
