<?xml version="1.0" encoding="UTF-8"?>
<testng-results ignored="0" total="2" passed="2" failed="0" skipped="0">
  <reporter-output>
  </reporter-output>
  <suite started-at="2022-09-21T08:03:50 NPT" name="Default suite" finished-at="2022-09-21T08:04:09 NPT" duration-ms="19715">
    <groups>
    </groups>
    <test started-at="2022-09-21T08:03:50 NPT" name="Default test" finished-at="2022-09-21T08:04:09 NPT" duration-ms="19715">
      <class name="tests.LoginPageTest">
        <test-method signature="verifyPasswordLink()[pri:0, instance:tests.LoginPageTest@5af3afd9]" started-at="2022-09-21T08:03:50 NPT" name="verifyPasswordLink" finished-at="2022-09-21T08:04:01 NPT" duration-ms="10721" status="PASS">
          <reporter-output>
          </reporter-output>
        </test-method> <!-- verifyPasswordLink -->
        <test-method signature="verifyUserIsAbleToLogin()[pri:0, instance:tests.LoginPageTest@5af3afd9]" started-at="2022-09-21T08:04:01 NPT" name="verifyUserIsAbleToLogin" finished-at="2022-09-21T08:04:09 NPT" duration-ms="8936" status="PASS">
          <reporter-output>
          </reporter-output>
        </test-method> <!-- verifyUserIsAbleToLogin -->
      </class> <!-- tests.LoginPageTest -->
    </test> <!-- Default test -->
  </suite> <!-- Default suite -->
</testng-results>
