<?xml version="1.0" encoding="UTF-8"?>
<!-- Generated by org.testng.reporters.JUnitXMLReporter -->
<testsuite ignored="0" hostname="Shambhu_Katwal" failures="0" tests="4" name="Test" time="40.498" errors="0" timestamp="2022-09-24T09:21:39 NPT">
  <testcase classname="tests.LoginPageTest" name="verifyTheForgotPasswordLinkWorkingProperly" time="1.834"/>
  <testcase classname="tests.LoginPageTest" name="verifyTheLoginLogoIsDisplayed" time="0.541"/>
  <testcase classname="tests.LoginPageTest" name="verifyTheUserIsAbleToLoginProperly" time="6.152"/>
  <testcase classname="tests.HomePageTest" name="verifyAdminModuleisClickedProperly" time="4.919"/>
</testsuite> <!-- Test -->
